#
# A fatal error has been detected by the Java Runtime Environment:
#
#  EXCEPTION_ACCESS_VIOLATION (0xc0000005) at pc=0x6c53b07d, pid=3652, tid=0x00001da0
#
# JRE version: Java(TM) SE Runtime Environment (8.0_92-b14) (build 1.8.0_92-b14)
# Java VM: Java HotSpot(TM) Client VM (25.92-b14 mixed mode windows-x86 )
# Problematic frame:
# V  [jvm.dll+0xcb07d]
#
# Failed to write core dump. Minidumps are not enabled by default on client versions of Windows
#
# If you would like to submit a bug report, please visit:
#   http://bugreport.java.com/bugreport/crash.jsp
#

---------------  T H R E A D  ---------------

Current thread (0x13d82400):  JavaThread "JDWP Transport Listener: dt_socket" daemon [_thread_in_vm, id=7584, stack(0x144d0000,0x14520000)]

siginfo: ExceptionCode=0xc0000005, reading address 0x00000064

Registers:
EAX=0x00000064, EBX=0x00000000, ECX=0x00000064, EDX=0x00000000
ESP=0x1451f3c8, EBP=0x1451f3cc, ESI=0x13d82400, EDI=0x009c6ff0
EIP=0x6c53b07d, EFLAGS=0x00010202

Top of Stack: (sp=0x1451f3c8)
0x1451f3c8:   13d82400 1451f3f4 6c698c94 00000064
0x1451f3d8:   1451f4ac 1451f42f 13d82400 00000000
0x1451f3e8:   00000000 00000000 13d82400 1451f430
0x1451f3f8:   6e209f80 009c6ff0 00000064 1451f42f
0x1451f408:   00000064 6e1f436d 00000064 1451f42f
0x1451f418:   00000027 00000000 00000000 f000100a
0x1451f428:   00000000 01d7fd90 1451f450 6e1f44e0
0x1451f438:   00000001 1451f46c 1451f4a8 147102b0 

Instructions: (pc=0x6c53b07d)
0x6c53b05d:   5d c3 52 e8 5b f9 ff ff 5d c3 cc cc cc cc cc cc
0x6c53b06d:   cc cc cc 55 8b ec 8b 45 08 85 c0 75 02 5d c3 56
0x6c53b07d:   8b 30 85 f6 74 17 83 fe 37 74 12 8b 06 8b 50 08
0x6c53b08d:   8b ce ff d2 84 c0 74 05 8b c6 5e 5d c3 33 c0 5e 


Register to memory mapping:

EAX=0x00000064 is an unknown value
EBX=0x00000000 is an unknown value
ECX=0x00000064 is an unknown value
EDX=0x00000000 is an unknown value
ESP=0x1451f3c8 is pointing into the stack for thread: 0x13d82400
EBP=0x1451f3cc is pointing into the stack for thread: 0x13d82400
ESI=0x13d82400 is a thread
EDI=0x009c6ff0 is an unknown value


Stack: [0x144d0000,0x14520000],  sp=0x1451f3c8,  free space=316k
Native frames: (J=compiled Java code, j=interpreted, Vv=VM code, C=native code)
V  [jvm.dll+0xcb07d]
V  [jvm.dll+0x228c94]
C  [jdwp.dll+0x19f80]
C  [jdwp.dll+0x44e0]
C  [jdwp.dll+0x451e]
C  0x14080000


---------------  P R O C E S S  ---------------

Java Threads: ( => current thread )
  0x13ea7c00 JavaThread "ReaderThread" [_thread_in_native, id=4288, stack(0x146b0000,0x14700000)]
  0x13db5000 JavaThread "Service Thread" daemon [_thread_blocked, id=4936, stack(0x14610000,0x14660000)]
  0x13d91000 JavaThread "C1 CompilerThread0" daemon [_thread_blocked, id=3820, stack(0x145c0000,0x14610000)]
  0x13d88000 JavaThread "JDWP Command Reader" daemon [_thread_in_native, id=5916, stack(0x14570000,0x145c0000)]
  0x13d85000 JavaThread "JDWP Event Helper Thread" daemon [_thread_blocked, id=5816, stack(0x14520000,0x14570000)]
=>0x13d82400 JavaThread "JDWP Transport Listener: dt_socket" daemon [_thread_in_vm, id=7584, stack(0x144d0000,0x14520000)]
  0x13d72c00 JavaThread "Attach Listener" daemon [_thread_blocked, id=6172, stack(0x14140000,0x14190000)]
  0x13d7d000 JavaThread "Signal Dispatcher" daemon [_thread_blocked, id=1848, stack(0x140f0000,0x14140000)]
  0x13d69400 JavaThread "Finalizer" daemon [_thread_blocked, id=7340, stack(0x13fa0000,0x13ff0000)]
  0x13d53400 JavaThread "Reference Handler" daemon [_thread_blocked, id=7500, stack(0x13f50000,0x13fa0000)]
  0x009cc800 JavaThread "main" [_thread_blocked, id=1820, stack(0x00930000,0x00980000)]

Other Threads:
  0x017fc800 VMThread [stack: 0x009d0000,0x00a20000] [id=7872]
  0x13dc9c00 WatcherThread [stack: 0x14660000,0x146b0000] [id=3700]

VM state:not at safepoint (normal execution)

VM Mutex/Monitor currently owned by a thread: None

Heap:
 def new generation   total 4928K, used 1545K [0x03800000, 0x03d50000, 0x08d50000)
  eden space 4416K,  23% used [0x03800000, 0x03902740, 0x03c50000)
  from space 512K, 100% used [0x03cd0000, 0x03d50000, 0x03d50000)
  to   space 512K,   0% used [0x03c50000, 0x03c50000, 0x03cd0000)
 tenured generation   total 10944K, used 460K [0x08d50000, 0x09800000, 0x13800000)
   the space 10944K,   4% used [0x08d50000, 0x08dc3260, 0x08dc3400, 0x09800000)
 Metaspace       used 3393K, capacity 3434K, committed 3520K, reserved 4480K

Card table byte_map: [0x13800000,0x13890000] byte_map_base: 0x137e4000

Polling page: 0x008e0000

CodeCache: size=32768Kb used=843Kb max_used=843Kb free=31924Kb
 bounds [0x01800000, 0x018d8000, 0x03800000]
 total_blobs=251 nmethods=89 adapters=101
 compilation: enabled

Compilation events (10 events):
Event: 0.352 Thread 0x13d91000   84             java.nio.Buffer::checkIndex (22 bytes)
Event: 0.352 Thread 0x13d91000 nmethod 84 0x018d1cc8 code [0x018d1dd0, 0x018d1ebc]
Event: 0.352 Thread 0x13d91000   85             java.nio.DirectLongBufferU::ix (10 bytes)
Event: 0.352 Thread 0x13d91000 nmethod 85 0x018d1f88 code [0x018d2080, 0x018d2130]
Event: 0.357 Thread 0x13d91000   87             java.lang.String::indexOf (7 bytes)
Event: 0.357 Thread 0x13d91000 nmethod 87 0x018d2408 code [0x018d2510, 0x018d25ec]
Event: 0.366 Thread 0x13d91000   88             sun.misc.FDBigInteger::mult (64 bytes)
Event: 0.367 Thread 0x13d91000 nmethod 88 0x018d2708 code [0x018d2800, 0x018d29b0]
Event: 0.368 Thread 0x13d91000   89             java.net.URL::getFile (5 bytes)
Event: 0.368 Thread 0x13d91000 nmethod 89 0x018d2b48 code [0x018d2c40, 0x018d2cc0]

GC Heap History (2 events):
Event: 0.307 GC heap before
{Heap before GC invocations=0 (full 0):
 def new generation   total 4928K, used 4416K [0x03800000, 0x03d50000, 0x08d50000)
  eden space 4416K, 100% used [0x03800000, 0x03c50000, 0x03c50000)
  from space 512K,   0% used [0x03c50000, 0x03c50000, 0x03cd0000)
  to   space 512K,   0% used [0x03cd0000, 0x03cd0000, 0x03d50000)
 tenured generation   total 10944K, used 0K [0x08d50000, 0x09800000, 0x13800000)
   the space 10944K,   0% used [0x08d50000, 0x08d50000, 0x08d50200, 0x09800000)
 Metaspace       used 3113K, capacity 3178K, committed 3264K, reserved 4480K
Event: 0.310 GC heap after
Heap after GC invocations=1 (full 0):
 def new generation   total 4928K, used 512K [0x03800000, 0x03d50000, 0x08d50000)
  eden space 4416K,   0% used [0x03800000, 0x03800000, 0x03c50000)
  from space 512K, 100% used [0x03cd0000, 0x03d50000, 0x03d50000)
  to   space 512K,   0% used [0x03c50000, 0x03c50000, 0x03cd0000)
 tenured generation   total 10944K, used 460K [0x08d50000, 0x09800000, 0x13800000)
   the space 10944K,   4% used [0x08d50000, 0x08dc3260, 0x08dc3400, 0x09800000)
 Metaspace       used 3113K, capacity 3178K, committed 3264K, reserved 4480K
}

Deoptimization events (0 events):
No events

Internal exceptions (6 events):
Event: 0.033 Thread 0x009cc800 Exception <a 'java/lang/NoSuchMethodError': Method sun.misc.Unsafe.defineClass(Ljava/lang/String;[BII)Ljava/lang/Class; name or signature does not match> (0x03806ea8) thrown at [C:\workspace\8-2-build-windows-i586-cygwin\jdk8u92\6642\hotspot\src\share\vm\pˆ‹6ÔÒÜ ?
Event: 0.033 Thread 0x009cc800 Exception <a 'java/lang/NoSuchMethodError': Method sun.misc.Unsafe.prefetchRead(Ljava/lang/Object;J)V name or signature does not match> (0x03807178) thrown at [C:\workspace\8-2-build-windows-i586-cygwin\jdk8u92\6642\hotspot\src\share\vm\prims\jni.cpp, line®e(ÓW–È?
Event: 0.192 Thread 0x009cc800 Exception <a 'java/security/PrivilegedActionException'> (0x0396c808) thrown at [C:\workspace\8-2-build-windows-i586-cygwin\jdk8u92\6642\hotspot\src\share\vm\prims\jvm.cpp, line 1386]
Event: 0.192 Thread 0x009cc800 Exception <a 'java/security/PrivilegedActionException'> (0x0396cbe8) thrown at [C:\workspace\8-2-build-windows-i586-cygwin\jdk8u92\6642\hotspot\src\share\vm\prims\jvm.cpp, line 1386]
Event: 0.193 Thread 0x009cc800 Exception <a 'java/security/PrivilegedActionException'> (0x039868a8) thrown at [C:\workspace\8-2-build-windows-i586-cygwin\jdk8u92\6642\hotspot\src\share\vm\prims\jvm.cpp, line 1386]
Event: 0.193 Thread 0x009cc800 Exception <a 'java/security/PrivilegedActionException'> (0x03986c88) thrown at [C:\workspace\8-2-build-windows-i586-cygwin\jdk8u92\6642\hotspot\src\share\vm\prims\jvm.cpp, line 1386]

Events (10 events):
Event: 147.277 Executing VM operation: GetOrSetLocal
Event: 147.278 Executing VM operation: GetOrSetLocal done
Event: 147.278 Executing VM operation: GetOrSetLocal
Event: 147.278 Executing VM operation: GetOrSetLocal done
Event: 147.278 Executing VM operation: GetOrSetLocal
Event: 147.278 Executing VM operation: GetOrSetLocal done
Event: 147.279 Executing VM operation: GetOrSetLocal
Event: 147.279 Executing VM operation: GetOrSetLocal done
Event: 401.900 Executing VM operation: RedefineClasses
Event: 401.900 Executing VM operation: RedefineClasses done


Dynamic libraries:
0x00ac0000 - 0x00af3000 	C:\Program Files\Java\jre1.8.0_92\bin\javaw.exe
0x77ce0000 - 0x77e5b000 	C:\WINDOWS\SYSTEM32\ntdll.dll
0x77440000 - 0x774d6000 	C:\WINDOWS\system32\KERNEL32.DLL
0x74ca0000 - 0x74e1f000 	C:\WINDOWS\system32\KERNELBASE.dll
0x77360000 - 0x773db000 	C:\WINDOWS\system32\ADVAPI32.dll
0x75c40000 - 0x75cfe000 	C:\WINDOWS\system32\msvcrt.dll
0x75b50000 - 0x75b94000 	C:\WINDOWS\system32\sechost.dll
0x757c0000 - 0x75882000 	C:\WINDOWS\system32\RPCRT4.dll
0x75670000 - 0x757a8000 	C:\WINDOWS\system32\USER32.dll
0x759f0000 - 0x75b45000 	C:\WINDOWS\system32\GDI32.dll
0x6d820000 - 0x6da2f000 	C:\WINDOWS\WinSxS\x86_microsoft.windows.common-controls_6595b64144ccf1df_6.0.10586.0_none_d3c2e4e965da4528\COMCTL32.dll
0x77960000 - 0x77b1d000 	C:\WINDOWS\system32\combase.dll
0x74ea0000 - 0x74ef8000 	C:\WINDOWS\system32\bcryptPrimitives.dll
0x75bb0000 - 0x75bdf000 	C:\WINDOWS\system32\IMM32.DLL
0x6de80000 - 0x6df3f000 	C:\Program Files\Java\jre1.8.0_92\bin\msvcr100.dll
0x6c470000 - 0x6c83b000 	C:\Program Files\Java\jre1.8.0_92\bin\client\jvm.dll
0x757b0000 - 0x757b6000 	C:\WINDOWS\system32\PSAPI.DLL
0x6cea0000 - 0x6cea8000 	C:\WINDOWS\SYSTEM32\VERSION.dll
0x73240000 - 0x73264000 	C:\WINDOWS\SYSTEM32\WINMM.dll
0x6d2d0000 - 0x6d2d8000 	C:\WINDOWS\SYSTEM32\WSOCK32.dll
0x774e0000 - 0x7753f000 	C:\WINDOWS\system32\WS2_32.dll
0x00900000 - 0x00923000 	C:\WINDOWS\SYSTEM32\WINMMBASE.dll
0x754a0000 - 0x754d7000 	C:\WINDOWS\system32\cfgmgr32.dll
0x59ac0000 - 0x59acc000 	C:\Program Files\Java\jre1.8.0_92\bin\verify.dll
0x77e80000 - 0x77ea1000 	C:\Program Files\Java\jre1.8.0_92\bin\java.dll
0x6e1f0000 - 0x6e219000 	C:\Program Files\Java\jre1.8.0_92\bin\jdwp.dll
0x6e1e0000 - 0x6e1e7000 	C:\Program Files\Java\jre1.8.0_92\bin\npt.dll
0x59aa0000 - 0x59ab3000 	C:\Program Files\Java\jre1.8.0_92\bin\zip.dll
0x75d00000 - 0x770fe000 	C:\WINDOWS\system32\SHELL32.dll
0x74f00000 - 0x753fa000 	C:\WINDOWS\system32\windows.storage.dll
0x759a0000 - 0x759e5000 	C:\WINDOWS\system32\shlwapi.dll
0x74ac0000 - 0x74acc000 	C:\WINDOWS\system32\kernel.appcore.dll
0x75890000 - 0x7591d000 	C:\WINDOWS\system32\shcore.dll
0x74a70000 - 0x74ab4000 	C:\WINDOWS\system32\powrprof.dll
0x74a60000 - 0x74a6f000 	C:\WINDOWS\system32\profapi.dll
0x6e1d0000 - 0x6e1d8000 	C:\Program Files\Java\jre1.8.0_92\bin\dt_socket.dll
0x66240000 - 0x66252000 	C:\WINDOWS\system32\napinsp.dll
0x66260000 - 0x66276000 	C:\WINDOWS\system32\pnrpnsp.dll
0x72950000 - 0x72964000 	C:\WINDOWS\system32\NLAapi.dll
0x66280000 - 0x6628b000 	C:\WINDOWS\System32\winrnr.dll
0x74460000 - 0x744b0000 	C:\WINDOWS\System32\mswsock.dll
0x73830000 - 0x738b4000 	C:\WINDOWS\SYSTEM32\DNSAPI.dll
0x77950000 - 0x77957000 	C:\WINDOWS\system32\NSI.dll
0x6eac0000 - 0x6eb07000 	C:\WINDOWS\System32\fwpuclnt.dll
0x749b0000 - 0x749cd000 	C:\WINDOWS\SYSTEM32\bcrypt.dll
0x6ac80000 - 0x6ac88000 	C:\Windows\System32\rasadhlp.dll
0x77e60000 - 0x77e76000 	C:\Program Files\Java\jre1.8.0_92\bin\net.dll
0x64000000 - 0x6413f000 	C:\WINDOWS\SYSTEM32\dbghelp.dll

VM Arguments:
jvm_args: -agentlib:jdwp=transport=dt_socket,suspend=y,address=localhost:50549 -Dfile.encoding=Cp1252 
java_command: org.eclipse.jdt.internal.junit.runner.RemoteTestRunner -version 3 -port 50548 -testLoaderClass org.eclipse.jdt.internal.junit4.runner.JUnit4TestLoader -loaderpluginname org.eclipse.jdt.junit4.runtime -test ar.edu.utn.d2s.testConsultaBancoExt:adaptaBienElBanco
java_class_path (initial): C:\Users\aliitoo\Desktop\NuevoGit\2016-dds-utn-k3154-g10\target\test-classes;C:\Users\aliitoo\Desktop\NuevoGit\2016-dds-utn-k3154-g10\target\classes;C:\Users\aliitoo\.m2\repository\junit\junit\4.12\junit-4.12.jar;C:\Users\aliitoo\.m2\repository\org\hamcrest\hamcrest-core\1.3\hamcrest-core-1.3.jar;C:\Users\aliitoo\.m2\repository\joda-time\joda-time\2.9.2\joda-time-2.9.2.jar;C:\Users\aliitoo\.m2\repository\org\uqbar-project\geodds-xtend\1.0.0\geodds-xtend-1.0.0.jar;C:\Users\aliitoo\.m2\repository\org\eclipse\xtend\org.eclipse.xtend.lib\2.9.1\org.eclipse.xtend.lib-2.9.1.jar;C:\Users\aliitoo\.m2\repository\org\eclipse\xtext\org.eclipse.xtext.xbase.lib\2.9.1\org.eclipse.xtext.xbase.lib-2.9.1.jar;C:\Users\aliitoo\.m2\repository\com\google\guava\guava\14.0.1\guava-14.0.1.jar;C:\Users\aliitoo\.m2\repository\org\eclipse\xtend\org.eclipse.xtend.lib.macro\2.9.1\org.eclipse.xtend.lib.macro-2.9.1.jar;C:\Users\aliitoo\.m2\repository\com\google\code\gson\gson\2.2.2\gson-2.2.2.jar;C:\Users\aliitoo\.m2\repository\log4j\log4j\1.2.17\log4j-1.2.17.jar;/C:/eclipse/configuration/org.eclipse.osgi/216/0/.cp/;/C:/eclipse/configuration/org.eclipse.osgi/215/0/.cp/
Launcher Type: SUN_STANDARD

Environment Variables:
PATH=C:/Program Files/Java/jre1.8.0_92/bin/client;C:/Program Files/Java/jre1.8.0_92/bin;C:/Program Files/Java/jre1.8.0_92/lib/i386;C:\ProgramData\Oracle\Java\javapath;C:\WINDOWS\system32;C:\WINDOWS;C:\WINDOWS\System32\Wbem;C:\WINDOWS\System32\WindowsPowerShell\v1.0\;C:\Program Files\Skype\Phone\;C:\eclipse;
USERNAME=aliitoo
OS=Windows_NT
PROCESSOR_IDENTIFIER=x86 Family 6 Model 42 Stepping 7, GenuineIntel



---------------  S Y S T E M  ---------------

OS: Windows 10.0 Build 10586 (10.0.10586.0)

CPU:total 4 (2 cores per cpu, 2 threads per core) family 6 model 42 stepping 7, cmov, cx8, fxsr, mmx, sse, sse2, sse3, ssse3, sse4.1, sse4.2, popcnt, avx, aes, clmul, ht, tsc, tscinvbit

Memory: 4k page, physical 3575308k(1593400k free), swap 4230668k(1867000k free)

vm_info: Java HotSpot(TM) Client VM (25.92-b14) for windows-x86 JRE (1.8.0_92-b14), built on Mar 31 2016 21:09:21 by "java_re" with MS VC++ 10.0 (VS2010)

time: Sun Jul 10 02:36:48 2016
elapsed time: 435 seconds (0d 0h 7m 15s)

